<?xml version="1.0" encoding="UTF-8"?>
<!-- Generated by org.testng.reporters.JUnitReportReporter -->
<testsuite skipped="0" hostname="DESKTOP-EG3V068" name="Frontend.BrokenLinks" tests="1" failures="0" timestamp="16 Sep 2019 07:11:07 GMT" time="860.607" errors="0">
  <testcase name="verfiyLinks" time="860.607" classname="Frontend.BrokenLinks"/>
</testsuite> <!-- Frontend.BrokenLinks -->
