<?xml version="1.0" encoding="UTF-8"?>
<!-- Generated by org.testng.reporters.JUnitReportReporter -->
<testsuite skipped="0" hostname="DESKTOP-BM2PD6C" name="AdminDashboardsanity.Dashboard_Admin_All_search" tests="1" failures="0" timestamp="18 Sep 2019 11:36:04 GMT" time="7.052" errors="0">
  <testcase name="Todosearch" time="7.052" classname="AdminDashboardsanity.Dashboard_Admin_All_search"/>
</testsuite> <!-- AdminDashboardsanity.Dashboard_Admin_All_search -->
