<?xml version="1.0" encoding="UTF-8"?>
<!-- Generated by org.testng.reporters.JUnitReportReporter -->
<testsuite skipped="0" hostname="DESKTOP-U7DH5MF" name="Frontend.Postlist" tests="1" failures="0" timestamp="23 Feb 2018 07:25:16 GMT" time="10.440" errors="0">
  <testcase name="fetchposts" time="10.440" classname="Frontend.Postlist"/>
</testsuite> <!-- Frontend.Postlist -->
