<?xml version="1.0" encoding="UTF-8"?>
<!-- Generated by org.testng.reporters.JUnitReportReporter -->
<testsuite hostname="Shobha" name="Admin.EditPublishedPost" tests="1" failures="0" timestamp="31 Jan 2017 09:59:24 GMT" time="53.897" errors="0">
  <testcase name="editPublishedPost" time="53.897" classname="Admin.EditPublishedPost"/>
</testsuite> <!-- Admin.EditPublishedPost -->
