<?xml version="1.0" encoding="UTF-8"?>
<!-- Generated by org.testng.reporters.JUnitReportReporter -->
<testsuite skipped="1" hostname="DESKTOP-EG3V068" name="Frontend.AmazonProductsForAdblocker" tests="1" failures="0" timestamp="16 Sep 2019 11:27:28 GMT" time="0.000" errors="0">
  <testcase name="CompareAmazonProducts" time="0.000" classname="Frontend.AmazonProductsForAdblocker">
    <skipped/>
  </testcase> <!-- CompareAmazonProducts -->
</testsuite> <!-- Frontend.AmazonProductsForAdblocker -->
