<?xml version="1.0" encoding="UTF-8"?>
<!-- Generated by org.testng.reporters.JUnitReportReporter -->
<testsuite skipped="0" hostname="DESKTOP-BM2PD6C" name="Admin.siteMaps" tests="1" failures="0" timestamp="20 Dec 2019 13:08:36 GMT" time="847.583" errors="0">
  <testcase name="fetch_siteMap_URL" time="847.583" classname="Admin.siteMaps"/>
</testsuite> <!-- Admin.siteMaps -->
