<?xml version="1.0" encoding="UTF-8"?>
<!-- Generated by org.testng.reporters.JUnitReportReporter -->
<testsuite skipped="0" hostname="PREDATOR" name="Frontend.BrokenLinks" tests="1" failures="0" timestamp="15 Oct 2019 11:06:09 GMT" time="11664.197" errors="0">
  <testcase name="verfiyLinks" time="11664.197" classname="Frontend.BrokenLinks"/>
</testsuite> <!-- Frontend.BrokenLinks -->
