<?xml version="1.0" encoding="UTF-8"?>
<!-- Generated by org.testng.reporters.JUnitReportReporter -->
<testsuite skipped="0" hostname="DESKTOP-BM2PD6C" name="Frontend.Amptest" tests="1" failures="0" timestamp="18 Oct 2019 07:19:01 GMT" time="396.422" errors="0">
  <testcase name="Setup" time="396.422" classname="Frontend.Amptest"/>
</testsuite> <!-- Frontend.Amptest -->
