<?xml version="1.0" encoding="UTF-8"?>
<!-- Generated by org.testng.reporters.JUnitReportReporter -->
<testsuite hostname="Shobha" name="Admin.demo" tests="1" failures="0" timestamp="20 Jan 2017 13:30:21 GMT" time="20.975" errors="0">
  <testcase name="draftPublish" time="20.975" classname="Admin.demo"/>
</testsuite> <!-- Admin.demo -->
