<?xml version="1.0" encoding="UTF-8"?>
<!-- Generated by org.testng.reporters.JUnitReportReporter -->
<testsuite skipped="0" hostname="DESKTOP-BM2PD6C" name="AdminDashboardsanity.ExcelDashboardButtonSanity" tests="18" failures="0" timestamp="18 Sep 2019 11:42:40 GMT" time="209.150" errors="1">
  <testcase name="getbutton" time="0.006" classname="AdminDashboardsanity.ExcelDashboardButtonSanity"/>
  <testcase name="getbutton" time="0.004" classname="AdminDashboardsanity.ExcelDashboardButtonSanity"/>
  <testcase name="getbutton" time="0.003" classname="AdminDashboardsanity.ExcelDashboardButtonSanity"/>
  <testcase name="getbutton" time="0.007" classname="AdminDashboardsanity.ExcelDashboardButtonSanity"/>
  <testcase name="getbutton" time="0.003" classname="AdminDashboardsanity.ExcelDashboardButtonSanity"/>
  <testcase name="getbutton" time="0.002" classname="AdminDashboardsanity.ExcelDashboardButtonSanity"/>
  <testcase name="getbutton" time="0.001" classname="AdminDashboardsanity.ExcelDashboardButtonSanity"/>
  <testcase name="getbutton" time="0.013" classname="AdminDashboardsanity.ExcelDashboardButtonSanity">
    <error type="java.lang.NullPointerException">
      <![CDATA[java.lang.NullPointerException
at AdminDashboardsanity.ExcelDashboardButtonSanity.ExcelbuttonRolebased(ExcelDashboardButtonSanity.java:219)
at AdminDashboardsanity.ExcelDashboardButtonSanity.getbutton(ExcelDashboardButtonSanity.java:105)
at sun.reflect.NativeMethodAccessorImpl.invoke0(Native Method)
at sun.reflect.NativeMethodAccessorImpl.invoke(NativeMethodAccessorImpl.java:62)
at sun.reflect.DelegatingMethodAccessorImpl.invoke(DelegatingMethodAccessorImpl.java:43)
at java.lang.reflect.Method.invoke(Method.java:498)
at org.testng.internal.MethodInvocationHelper.invokeMethod(MethodInvocationHelper.java:124)
at org.testng.internal.Invoker.invokeMethod(Invoker.java:583)
at org.testng.internal.Invoker.invokeTestMethod(Invoker.java:719)
at org.testng.internal.Invoker.invokeTestMethods(Invoker.java:989)
at org.testng.internal.TestMethodWorker.invokeTestMethods(TestMethodWorker.java:125)
at org.testng.internal.TestMethodWorker.run(TestMethodWorker.java:109)
at org.testng.TestRunner.privateRun(TestRunner.java:648)
at org.testng.TestRunner.run(TestRunner.java:505)
at org.testng.SuiteRunner.runTest(SuiteRunner.java:455)
at org.testng.SuiteRunner.runSequentially(SuiteRunner.java:450)
at org.testng.SuiteRunner.privateRun(SuiteRunner.java:415)
at org.testng.SuiteRunner.run(SuiteRunner.java:364)
at org.testng.SuiteRunnerWorker.runSuite(SuiteRunnerWorker.java:52)
at org.testng.SuiteRunnerWorker.run(SuiteRunnerWorker.java:84)
at org.testng.TestNG.runSuitesSequentially(TestNG.java:1208)
at org.testng.TestNG.runSuitesLocally(TestNG.java:1137)
at org.testng.TestNG.runSuites(TestNG.java:1049)
at org.testng.TestNG.run(TestNG.java:1017)
at org.testng.remote.AbstractRemoteTestNG.run(AbstractRemoteTestNG.java:115)
at org.testng.remote.RemoteTestNG.initAndRun(RemoteTestNG.java:251)
at org.testng.remote.RemoteTestNG.main(RemoteTestNG.java:77)
]]>
    </error>
  </testcase> <!-- getbutton -->
  <testcase name="getbutton" time="0.002" classname="AdminDashboardsanity.ExcelDashboardButtonSanity"/>
  <testcase name="getstatus" time="199.376" classname="AdminDashboardsanity.ExcelDashboardButtonSanity"/>
  <testcase name="getbutton" time="0.003" classname="AdminDashboardsanity.ExcelDashboardButtonSanity"/>
  <testcase name="getbutton" time="0.002" classname="AdminDashboardsanity.ExcelDashboardButtonSanity"/>
  <testcase name="getbutton" time="0.004" classname="AdminDashboardsanity.ExcelDashboardButtonSanity"/>
  <testcase name="getbutton" time="0.004" classname="AdminDashboardsanity.ExcelDashboardButtonSanity"/>
  <testcase name="getbutton" time="0.006" classname="AdminDashboardsanity.ExcelDashboardButtonSanity"/>
  <testcase name="getbutton" time="0.002" classname="AdminDashboardsanity.ExcelDashboardButtonSanity"/>
  <testcase name="Setup" time="9.712" classname="AdminDashboardsanity.ExcelDashboardButtonSanity"/>
  <testcase name="getbutton" time="0.000" classname="AdminDashboardsanity.ExcelDashboardButtonSanity"/>
</testsuite> <!-- AdminDashboardsanity.ExcelDashboardButtonSanity -->
