<?xml version="1.0" encoding="UTF-8"?>
<!-- Generated by org.testng.reporters.JUnitReportReporter -->
<testsuite skipped="0" hostname="DESKTOP-BM2PD6C" name="Admin.hellotest" tests="2" failures="0" timestamp="10 Dec 2019 07:21:35 GMT" time="45.795" errors="0">
  <testcase name="test1" time="22.897" classname="Admin.hellotest"/>
  <testcase name="test2" time="22.898" classname="Admin.hellotest"/>
</testsuite> <!-- Admin.hellotest -->
